[debug] [2017-11-09T19:27:23.300Z] ----------------------------------------------------------------------
[debug] [2017-11-09T19:27:23.302Z] Command:       /usr/local/bin/node /usr/local/bin/firebase init
[debug] [2017-11-09T19:27:23.303Z] CLI Version:   3.14.0
[debug] [2017-11-09T19:27:23.303Z] Platform:      darwin
[debug] [2017-11-09T19:27:23.303Z] Node Version:  v6.10.2
[debug] [2017-11-09T19:27:23.303Z] Time:          Thu Nov 09 2017 15:27:23 GMT-0400 (-04)
[debug] [2017-11-09T19:27:23.303Z] ----------------------------------------------------------------------
[debug] 
[debug] [2017-11-09T19:27:23.311Z] > command requires scopes: ["email","openid","https://www.googleapis.com/auth/cloudplatformprojects.readonly","https://www.googleapis.com/auth/firebase"]
[debug] [2017-11-09T19:27:23.311Z] > authorizing via signed-in user
[info] 
     🔥🔥🔥🔥🔥🔥🔥🔥 🔥🔥🔥🔥 🔥🔥🔥🔥🔥🔥🔥🔥  🔥🔥🔥🔥🔥🔥🔥🔥 🔥🔥🔥🔥🔥🔥🔥🔥     🔥🔥🔥     🔥🔥🔥🔥🔥🔥  🔥🔥🔥🔥🔥🔥🔥🔥
     🔥🔥        🔥🔥  🔥🔥     🔥🔥 🔥🔥       🔥🔥     🔥🔥  🔥🔥   🔥🔥  🔥🔥       🔥🔥
     🔥🔥🔥🔥🔥🔥    🔥🔥  🔥🔥🔥🔥🔥🔥🔥🔥  🔥🔥🔥🔥🔥🔥   🔥🔥🔥🔥🔥🔥🔥🔥  🔥🔥🔥🔥🔥🔥🔥🔥🔥  🔥🔥🔥🔥🔥🔥  🔥🔥🔥🔥🔥🔥
     🔥🔥        🔥🔥  🔥🔥    🔥🔥  🔥🔥       🔥🔥     🔥🔥 🔥🔥     🔥🔥       🔥🔥 🔥🔥
     🔥🔥       🔥🔥🔥🔥 🔥🔥     🔥🔥 🔥🔥🔥🔥🔥🔥🔥🔥 🔥🔥🔥🔥🔥🔥🔥🔥  🔥🔥     🔥🔥  🔥🔥🔥🔥🔥🔥  🔥🔥🔥🔥🔥🔥🔥🔥

You're about to initialize a Firebase project in this directory:

  /Users/wanderson/Documents/projectsweb/indicaipage

[info] 
=== Project Setup
[info] 
[info] First, let's associate this project directory with a Firebase project.
[info] You can create multiple project aliases by running firebase use --add, 
[info] but for now we'll just set up a default project.
[info] 
[debug] [2017-11-09T19:29:30.608Z] > refreshing access token with scopes: ["email","https://www.googleapis.com/auth/cloudplatformprojects.readonly","https://www.googleapis.com/auth/firebase","openid"]
[debug] [2017-11-09T19:29:30.608Z] >>> HTTP REQUEST POST https://www.googleapis.com/oauth2/v3/token { refresh_token: '1/UbPk8jmTvv2ylfmRoQlpW2S_a9tZ937xnrYjlaUQgZE',
  client_id: '563584335869-fgrhgmd47bqnekij5i8b5pr03ho849e6.apps.googleusercontent.com',
  client_secret: 'j9iVZfS8kkCEFUPaAeJV0sAi',
  grant_type: 'refresh_token',
  scope: 'email https://www.googleapis.com/auth/cloudplatformprojects.readonly https://www.googleapis.com/auth/firebase openid' } 
 Thu Nov 09 2017 15:29:30 GMT-0400 (-04)
[debug] [2017-11-09T19:29:31.598Z] <<< HTTP RESPONSE 200
[debug] [2017-11-09T19:29:31.600Z] >>> HTTP REQUEST GET https://admin.firebase.com/v1/projects  
 Thu Nov 09 2017 15:29:31 GMT-0400 (-04)
[debug] [2017-11-09T19:29:36.542Z] <<< HTTP RESPONSE 200
[info] 
=== Hosting Setup
[info] 
[info] Your public directory is the folder (relative to your project directory) that
[info] will contain Hosting assets to be uploaded with firebase deploy. If you
[info] have a build process for your assets, use your build's output directory.
[info] 
